<?xml version="1.0" encoding="UTF-8"?>
<!-- Generated by org.testng.reporters.JUnitReportReporter -->
<testsuite skipped="1" hostname="DESKTOP-ATOQJFI" name="com.atmecs.selenium.Practice" tests="1" failures="0" timestamp="2020-09-21T04:53:03 PDT" time="0.000" errors="0">
  <testcase name="launchChromeTest" time="0.000" classname="com.atmecs.selenium.Practice">
    <skipped/>
  </testcase> <!-- launchChromeTest -->
  <system-out/>
</testsuite> <!-- com.atmecs.selenium.Practice -->
